+ ./install-cxx-linux.sh
+ cp build/lib/x86_64-unknown-linux-gnu/libc++.so pizfix/lib
+ cp build/lib/x86_64-unknown-linux-gnu/libc++.so.1.0 pizfix/lib
+ cp build/lib/x86_64-unknown-linux-gnu/libc++abi.so.1.0 pizfix/lib
+ cp build/lib/x86_64-unknown-linux-gnu/libc++.a pizfix/lib
+ cp build/lib/x86_64-unknown-linux-gnu/libc++abi.a pizfix/lib
+ cd pizfix/lib
+ rm -f libc++.so.1
+ rm -f libc++abi.so.1
+ rm -f libc++abi.so
+ ln -s libc++.so.1.0 libc++.so.1
+ ln -s libc++abi.so.1.0 libc++abi.so.1
+ ln -s libc++abi.so.1 libc++abi.so
+ ./fix_clang.sh
+ test linux = linux
+ patchelf --set-rpath $ORIGIN/../lib build/bin/clang-20
+ filc/run-tests
Skipping dlopenbadref
Skipping zversion, no manifest.
.........................................................................................................................................................................................................................................................................................................................................................................................................................................................................................................................................................................................................................................................................................................................................................................................................................................................................................................................................................................................................................................................................................................................................................................................................................................................................................................................................................................................................................................................................................................................................................................................................................................................................................................................................................................................................................................................................................................................................................................................................................................................................................filc/test-output/miscsyscall/subRun.sh: FAIL: expected program to return success
filc setup:
    testing library: yes
    exit on panic: yes
    dump errnos: no
    run global ctors: yes
    run global dtors: yes
    verbose stop the world: no
    fugc minimum threshold: 1048576
    fugc threshold multiplier: 1.500000
    fugc verbose level: 0
    fugc stop the world: no
    fugc scribble: no
    fugc verify: no
    fugc verify weak census: no
    fugc rage mode: yes
    fugc threads: up to 8
filc user error: filc/tests/miscsyscall/miscsyscall.c:47: int main(int, char **): assertion (int)zid > 0 failed.
    <runtime>: zerror
    ../filc/src/snprintf.c:1336:2: zerrorf
    filc/tests/miscsyscall/miscsyscall.c:47:5: main
    ../sysdeps/nptl/libc_start_call_main.h:58:16: __libc_start_call_main
    ../csu/libc-start.c:153:3: __libc_start_main
    <runtime>: start_program
[355685] filc panic: user thwarted themselves.
make: *** [filc/tests/testmakefile:5724: .t1907] Error 1
......................................................................................................................................................................................................................................................................................................................................................................................................................................................................................................................................................................................................................................................................................................................................................................................................................................................................................................................................................................................................................................................................................................................................................................................................................................................................................................................................................................................................................................................................................................................................................................................................................................................................................................................................................................................................................................................................................................................................................................................................make: Target 'all' not remade because of errors.
filc/run-tests:436:in `<main>': unhandled exception
